2025-07-01 21:39:23,694 - INFO - 数据库连接成功
2025-07-01 21:39:23,705 - INFO - 表检查/创建完成
2025-07-01 21:39:23,706 - INFO - 数据库中现有记录数: 0
2025-07-01 21:39:23,706 - INFO - 开始迁移数据，批处理大小: 100
2025-07-01 21:39:23,801 - INFO - 已处理 100 条记录，插入/更新 100 条
2025-07-01 21:39:23,820 - INFO - 已处理 200 条记录，插入/更新 200 条
2025-07-01 21:39:23,833 - INFO - 已处理 300 条记录，插入/更新 300 条
2025-07-01 21:39:23,851 - INFO - 已处理 400 条记录，插入/更新 400 条
2025-07-01 21:39:23,864 - INFO - 已处理 500 条记录，插入/更新 500 条
2025-07-01 21:39:23,882 - INFO - 已处理 600 条记录，插入/更新 600 条
2025-07-01 21:39:23,927 - INFO - 已处理 700 条记录，插入/更新 700 条
2025-07-01 21:39:23,937 - INFO - 已处理 800 条记录，插入/更新 800 条
2025-07-01 21:39:23,949 - INFO - 已处理 900 条记录，插入/更新 900 条
2025-07-01 21:39:23,957 - INFO - 已处理 1000 条记录，插入/更新 1000 条
2025-07-01 21:39:23,966 - INFO - 已处理 1100 条记录，插入/更新 1100 条
2025-07-01 21:39:23,975 - INFO - 已处理 1200 条记录，插入/更新 1200 条
2025-07-01 21:39:23,983 - INFO - 已处理 1300 条记录，插入/更新 1300 条
2025-07-01 21:39:23,990 - INFO - 已处理 1400 条记录，插入/更新 1400 条
2025-07-01 21:39:23,999 - INFO - 已处理 1500 条记录，插入/更新 1500 条
2025-07-01 21:39:24,008 - INFO - 已处理 1600 条记录，插入/更新 1600 条
2025-07-01 21:39:24,022 - INFO - 已处理 1700 条记录，插入/更新 1700 条
2025-07-01 21:39:24,036 - INFO - 已处理 1800 条记录，插入/更新 1800 条
2025-07-01 21:39:24,044 - INFO - 已处理 1900 条记录，插入/更新 1900 条
2025-07-01 21:39:24,052 - INFO - 已处理 2000 条记录，插入/更新 2000 条
2025-07-01 21:39:24,060 - INFO - 已处理 2100 条记录，插入/更新 2100 条
2025-07-01 21:39:24,072 - INFO - 已处理 2200 条记录，插入/更新 2200 条
2025-07-01 21:39:24,082 - INFO - 已处理 2300 条记录，插入/更新 2300 条
2025-07-01 21:39:24,091 - INFO - 已处理 2400 条记录，插入/更新 2400 条
2025-07-01 21:39:24,104 - INFO - 已处理 2500 条记录，插入/更新 2500 条
2025-07-01 21:39:24,112 - INFO - 已处理 2600 条记录，插入/更新 2600 条
2025-07-01 21:39:24,120 - INFO - 已处理 2700 条记录，插入/更新 2700 条
2025-07-01 21:39:24,129 - INFO - 已处理 2800 条记录，插入/更新 2800 条
2025-07-01 21:39:24,138 - INFO - 已处理 2900 条记录，插入/更新 2900 条
2025-07-01 21:39:24,153 - INFO - 已处理 3000 条记录，插入/更新 3000 条
2025-07-01 21:39:24,163 - INFO - 已处理 3100 条记录，插入/更新 3100 条
2025-07-01 21:39:24,171 - INFO - 已处理 3200 条记录，插入/更新 3200 条
2025-07-01 21:39:24,179 - INFO - 已处理 3300 条记录，插入/更新 3300 条
2025-07-01 21:39:24,189 - INFO - 已处理 3400 条记录，插入/更新 3400 条
2025-07-01 21:39:24,198 - INFO - 已处理 3500 条记录，插入/更新 3500 条
2025-07-01 21:39:24,206 - INFO - 已处理 3600 条记录，插入/更新 3600 条
2025-07-01 21:39:24,215 - INFO - 已处理 3700 条记录，插入/更新 3700 条
2025-07-01 21:39:24,224 - INFO - 已处理 3800 条记录，插入/更新 3800 条
2025-07-01 21:39:24,236 - INFO - 已处理 3900 条记录，插入/更新 3900 条
2025-07-01 21:39:24,244 - INFO - 已处理 4000 条记录，插入/更新 4000 条
2025-07-01 21:39:24,253 - INFO - 已处理 4100 条记录，插入/更新 4100 条
2025-07-01 21:39:24,265 - INFO - 已处理 4200 条记录，插入/更新 4200 条
2025-07-01 21:39:24,273 - INFO - 已处理 4300 条记录，插入/更新 4300 条
2025-07-01 21:39:24,283 - INFO - 已处理 4400 条记录，插入/更新 4400 条
2025-07-01 21:39:24,291 - INFO - 已处理 4500 条记录，插入/更新 4500 条
2025-07-01 21:39:24,301 - INFO - 已处理 4600 条记录，插入/更新 4600 条
2025-07-01 21:39:24,309 - INFO - 已处理 4700 条记录，插入/更新 4700 条
2025-07-01 21:39:24,317 - INFO - 已处理 4800 条记录，插入/更新 4800 条
2025-07-01 21:39:24,322 - INFO - 已处理 4900 条记录，插入/更新 4900 条
2025-07-01 21:39:24,326 - INFO - 已处理 5000 条记录，插入/更新 5000 条
2025-07-01 21:39:24,332 - INFO - 已处理 5100 条记录，插入/更新 5100 条
2025-07-01 21:39:24,337 - INFO - 已处理 5200 条记录，插入/更新 5200 条
2025-07-01 21:39:24,345 - INFO - 已处理 5300 条记录，插入/更新 5300 条
2025-07-01 21:39:24,350 - INFO - 已处理 5400 条记录，插入/更新 5400 条
2025-07-01 21:39:24,357 - INFO - 已处理 5500 条记录，插入/更新 5500 条
2025-07-01 21:39:24,365 - INFO - 已处理 5600 条记录，插入/更新 5600 条
2025-07-01 21:39:24,371 - INFO - 已处理 5700 条记录，插入/更新 5700 条
2025-07-01 21:39:24,376 - INFO - 已处理 5800 条记录，插入/更新 5800 条
2025-07-01 21:39:24,381 - INFO - 已处理 5900 条记录，插入/更新 5900 条
2025-07-01 21:39:24,386 - INFO - 已处理 6000 条记录，插入/更新 6000 条
2025-07-01 21:39:24,391 - INFO - 已处理 6100 条记录，插入/更新 6100 条
2025-07-01 21:39:24,396 - INFO - 已处理 6200 条记录，插入/更新 6200 条
2025-07-01 21:39:24,405 - INFO - 已处理 6300 条记录，插入/更新 6300 条
2025-07-01 21:39:24,411 - INFO - 已处理 6400 条记录，插入/更新 6400 条
2025-07-01 21:39:24,416 - INFO - 已处理 6500 条记录，插入/更新 6500 条
2025-07-01 21:39:24,424 - INFO - 已处理 6600 条记录，插入/更新 6600 条
2025-07-01 21:39:24,429 - INFO - 已处理 6700 条记录，插入/更新 6700 条
2025-07-01 21:39:24,434 - INFO - 已处理 6800 条记录，插入/更新 6800 条
2025-07-01 21:39:24,441 - INFO - 已处理 6900 条记录，插入/更新 6900 条
2025-07-01 21:39:24,446 - INFO - 已处理 7000 条记录，插入/更新 7000 条
2025-07-01 21:39:24,452 - INFO - 已处理 7100 条记录，插入/更新 7100 条
2025-07-01 21:39:24,460 - INFO - 已处理 7200 条记录，插入/更新 7200 条
2025-07-01 21:39:24,471 - INFO - 已处理 7300 条记录，插入/更新 7300 条
2025-07-01 21:39:24,480 - INFO - 已处理 7400 条记录，插入/更新 7400 条
2025-07-01 21:39:24,490 - INFO - 已处理 7500 条记录，插入/更新 7500 条
2025-07-01 21:39:24,498 - INFO - 已处理 7600 条记录，插入/更新 7600 条
2025-07-01 21:39:24,506 - INFO - 已处理 7700 条记录，插入/更新 7700 条
2025-07-01 21:39:24,513 - INFO - 已处理 7800 条记录，插入/更新 7800 条
2025-07-01 21:39:24,519 - INFO - 已处理 7900 条记录，插入/更新 7900 条
2025-07-01 21:39:24,524 - INFO - 已处理 8000 条记录，插入/更新 8000 条
2025-07-01 21:39:24,528 - INFO - 已处理 8100 条记录，插入/更新 8100 条
2025-07-01 21:39:24,532 - INFO - 已处理 8200 条记录，插入/更新 8200 条
2025-07-01 21:39:24,537 - INFO - 已处理 8300 条记录，插入/更新 8300 条
2025-07-01 21:39:24,541 - INFO - 已处理 8400 条记录，插入/更新 8400 条
2025-07-01 21:39:24,547 - INFO - 已处理 8500 条记录，插入/更新 8500 条
2025-07-01 21:39:24,554 - INFO - 已处理 8600 条记录，插入/更新 8600 条
2025-07-01 21:39:24,565 - INFO - 已处理 8700 条记录，插入/更新 8700 条
2025-07-01 21:39:24,575 - INFO - 已处理 8800 条记录，插入/更新 8800 条
2025-07-01 21:39:24,583 - INFO - 已处理 8900 条记录，插入/更新 8900 条
2025-07-01 21:39:24,589 - INFO - 已处理 9000 条记录，插入/更新 9000 条
2025-07-01 21:39:24,598 - INFO - 已处理 9100 条记录，插入/更新 9100 条
2025-07-01 21:39:24,606 - INFO - 已处理 9200 条记录，插入/更新 9200 条
2025-07-01 21:39:24,611 - INFO - 已处理 9300 条记录，插入/更新 9300 条
2025-07-01 21:39:24,616 - INFO - 已处理 9400 条记录，插入/更新 9400 条
2025-07-01 21:39:24,624 - INFO - 已处理 9500 条记录，插入/更新 9500 条
2025-07-01 21:39:24,630 - INFO - 已处理 9600 条记录，插入/更新 9600 条
2025-07-01 21:39:24,637 - INFO - 已处理 9700 条记录，插入/更新 9700 条
2025-07-01 21:39:24,642 - INFO - 已处理 9800 条记录，插入/更新 9800 条
2025-07-01 21:39:24,646 - INFO - 已处理 9900 条记录，插入/更新 9900 条
2025-07-01 21:39:24,651 - INFO - 已处理 10000 条记录，插入/更新 10000 条
2025-07-01 21:39:24,656 - INFO - 已处理 10100 条记录，插入/更新 10100 条
2025-07-01 21:39:24,660 - INFO - 已处理 10200 条记录，插入/更新 10200 条
2025-07-01 21:39:24,664 - INFO - 已处理 10300 条记录，插入/更新 10300 条
2025-07-01 21:39:24,668 - INFO - 已处理 10400 条记录，插入/更新 10400 条
2025-07-01 21:39:24,672 - INFO - 已处理 10500 条记录，插入/更新 10500 条
2025-07-01 21:39:24,678 - INFO - 已处理 10600 条记录，插入/更新 10600 条
2025-07-01 21:39:24,683 - INFO - 已处理 10700 条记录，插入/更新 10700 条
2025-07-01 21:39:24,688 - INFO - 已处理 10800 条记录，插入/更新 10800 条
2025-07-01 21:39:24,693 - INFO - 已处理 10900 条记录，插入/更新 10900 条
2025-07-01 21:39:24,698 - INFO - 已处理 11000 条记录，插入/更新 11000 条
2025-07-01 21:39:24,702 - INFO - 已处理 11100 条记录，插入/更新 11100 条
2025-07-01 21:39:24,707 - INFO - 已处理 11200 条记录，插入/更新 11200 条
2025-07-01 21:39:24,712 - INFO - 已处理 11300 条记录，插入/更新 11300 条
2025-07-01 21:39:24,718 - INFO - 已处理 11400 条记录，插入/更新 11400 条
2025-07-01 21:39:24,726 - INFO - 已处理 11500 条记录，插入/更新 11500 条
2025-07-01 21:39:24,731 - INFO - 已处理 11600 条记录，插入/更新 11600 条
2025-07-01 21:39:24,739 - INFO - 已处理 11700 条记录，插入/更新 11700 条
2025-07-01 21:39:24,745 - INFO - 已处理 11800 条记录，插入/更新 11800 条
2025-07-01 21:39:24,753 - INFO - 已处理 11900 条记录，插入/更新 11900 条
2025-07-01 21:39:24,758 - INFO - 已处理 12000 条记录，插入/更新 12000 条
2025-07-01 21:39:24,763 - INFO - 已处理 12100 条记录，插入/更新 12100 条
2025-07-01 21:39:24,767 - INFO - 已处理 12200 条记录，插入/更新 12200 条
2025-07-01 21:39:24,773 - INFO - 已处理 12300 条记录，插入/更新 12300 条
2025-07-01 21:39:24,779 - INFO - 已处理 12400 条记录，插入/更新 12400 条
2025-07-01 21:39:24,783 - INFO - 已处理 12500 条记录，插入/更新 12500 条
2025-07-01 21:39:24,788 - INFO - 已处理 12600 条记录，插入/更新 12600 条
2025-07-01 21:39:24,792 - INFO - 已处理 12700 条记录，插入/更新 12700 条
2025-07-01 21:39:24,796 - INFO - 已处理 12800 条记录，插入/更新 12800 条
2025-07-01 21:39:24,801 - INFO - 已处理 12900 条记录，插入/更新 12900 条
2025-07-01 21:39:24,805 - INFO - 已处理 13000 条记录，插入/更新 13000 条
2025-07-01 21:39:24,809 - INFO - 已处理 13100 条记录，插入/更新 13100 条
2025-07-01 21:39:24,813 - INFO - 已处理 13200 条记录，插入/更新 13200 条
2025-07-01 21:39:24,819 - INFO - 已处理 13300 条记录，插入/更新 13300 条
2025-07-01 21:39:24,824 - INFO - 已处理 13400 条记录，插入/更新 13400 条
2025-07-01 21:39:24,830 - INFO - 已处理 13500 条记录，插入/更新 13500 条
2025-07-01 21:39:24,838 - INFO - 已处理 13600 条记录，插入/更新 13600 条
2025-07-01 21:39:24,842 - INFO - 已处理 13700 条记录，插入/更新 13700 条
2025-07-01 21:39:24,847 - INFO - 已处理 13800 条记录，插入/更新 13800 条
2025-07-01 21:39:24,855 - INFO - 已处理 13900 条记录，插入/更新 13900 条
2025-07-01 21:39:24,860 - INFO - 已处理 14000 条记录，插入/更新 14000 条
2025-07-01 21:39:24,865 - INFO - 已处理 14100 条记录，插入/更新 14100 条
2025-07-01 21:39:24,873 - INFO - 已处理 14200 条记录，插入/更新 14200 条
2025-07-01 21:39:24,879 - INFO - 已处理 14300 条记录，插入/更新 14300 条
2025-07-01 21:39:24,884 - INFO - 已处理 14400 条记录，插入/更新 14400 条
2025-07-01 21:39:24,892 - INFO - 已处理 14500 条记录，插入/更新 14500 条
2025-07-01 21:39:24,897 - INFO - 已处理 14600 条记录，插入/更新 14600 条
2025-07-01 21:39:24,902 - INFO - 已处理 14700 条记录，插入/更新 14700 条
2025-07-01 21:39:24,907 - INFO - 已处理 14800 条记录，插入/更新 14800 条
2025-07-01 21:39:24,912 - INFO - 已处理 14900 条记录，插入/更新 14900 条
2025-07-01 21:39:24,917 - INFO - 已处理 15000 条记录，插入/更新 15000 条
2025-07-01 21:39:24,924 - INFO - 已处理 15100 条记录，插入/更新 15100 条
2025-07-01 21:39:24,930 - INFO - 已处理 15200 条记录，插入/更新 15200 条
2025-07-01 21:39:24,935 - INFO - 已处理 15300 条记录，插入/更新 15300 条
2025-07-01 21:39:24,939 - INFO - 已处理 15400 条记录，插入/更新 15400 条
2025-07-01 21:39:24,944 - INFO - 已处理 15500 条记录，插入/更新 15500 条
2025-07-01 21:39:24,948 - INFO - 已处理 15600 条记录，插入/更新 15600 条
2025-07-01 21:39:24,953 - INFO - 已处理 15700 条记录，插入/更新 15700 条
2025-07-01 21:39:24,957 - INFO - 已处理 15800 条记录，插入/更新 15800 条
2025-07-01 21:39:24,968 - INFO - 已处理 15900 条记录，插入/更新 15900 条
2025-07-01 21:39:24,974 - INFO - 已处理 16000 条记录，插入/更新 16000 条
2025-07-01 21:39:24,981 - INFO - 已处理 16100 条记录，插入/更新 16100 条
2025-07-01 21:39:24,986 - INFO - 已处理 16200 条记录，插入/更新 16200 条
2025-07-01 21:39:24,991 - INFO - 已处理 16300 条记录，插入/更新 16300 条
2025-07-01 21:39:24,997 - INFO - 已处理 16400 条记录，插入/更新 16400 条
2025-07-01 21:39:25,002 - INFO - 已处理 16500 条记录，插入/更新 16500 条
2025-07-01 21:39:25,007 - INFO - 已处理 16600 条记录，插入/更新 16600 条
2025-07-01 21:39:25,015 - INFO - 已处理 16700 条记录，插入/更新 16700 条
2025-07-01 21:39:25,026 - INFO - 已处理 16800 条记录，插入/更新 16800 条
2025-07-01 21:39:25,031 - INFO - 已处理 16900 条记录，插入/更新 16900 条
2025-07-01 21:39:25,042 - INFO - 已处理 17000 条记录，插入/更新 17000 条
2025-07-01 21:39:25,048 - INFO - 已处理 17100 条记录，插入/更新 17100 条
2025-07-01 21:39:25,053 - INFO - 已处理 17200 条记录，插入/更新 17200 条
2025-07-01 21:39:25,062 - INFO - 已处理 17300 条记录，插入/更新 17300 条
2025-07-01 21:39:25,066 - INFO - 已处理 17400 条记录，插入/更新 17400 条
2025-07-01 21:39:25,070 - INFO - 已处理 17500 条记录，插入/更新 17500 条
2025-07-01 21:39:25,075 - INFO - 已处理 17600 条记录，插入/更新 17600 条
2025-07-01 21:39:25,081 - INFO - 已处理 17700 条记录，插入/更新 17700 条
2025-07-01 21:39:25,085 - INFO - 已处理 17800 条记录，插入/更新 17800 条
2025-07-01 21:39:25,089 - INFO - 已处理 17900 条记录，插入/更新 17900 条
2025-07-01 21:39:25,093 - INFO - 已处理 18000 条记录，插入/更新 18000 条
2025-07-01 21:39:25,097 - INFO - 已处理 18100 条记录，插入/更新 18100 条
2025-07-01 21:39:25,102 - INFO - 已处理 18200 条记录，插入/更新 18200 条
2025-07-01 21:39:25,107 - INFO - 已处理 18300 条记录，插入/更新 18300 条
2025-07-01 21:39:25,112 - INFO - 已处理 18400 条记录，插入/更新 18400 条
2025-07-01 21:39:25,117 - INFO - 已处理 18500 条记录，插入/更新 18500 条
2025-07-01 21:39:25,124 - INFO - 已处理 18600 条记录，插入/更新 18600 条
2025-07-01 21:39:25,129 - INFO - 已处理 18700 条记录，插入/更新 18700 条
2025-07-01 21:39:25,134 - INFO - 已处理 18800 条记录，插入/更新 18800 条
2025-07-01 21:39:25,142 - INFO - 已处理 18900 条记录，插入/更新 18900 条
2025-07-01 21:39:25,150 - INFO - 已处理 19000 条记录，插入/更新 19000 条
2025-07-01 21:39:25,155 - INFO - 已处理 19100 条记录，插入/更新 19100 条
2025-07-01 21:39:25,161 - INFO - 已处理 19200 条记录，插入/更新 19200 条
2025-07-01 21:39:25,167 - INFO - 已处理 19300 条记录，插入/更新 19300 条
2025-07-01 21:39:25,172 - INFO - 已处理 19400 条记录，插入/更新 19400 条
2025-07-01 21:39:25,179 - INFO - 已处理 19500 条记录，插入/更新 19500 条
2025-07-01 21:39:25,184 - INFO - 已处理 19600 条记录，插入/更新 19600 条
2025-07-01 21:39:25,190 - INFO - 已处理 19700 条记录，插入/更新 19700 条
2025-07-01 21:39:25,195 - INFO - 已处理 19800 条记录，插入/更新 19800 条
2025-07-01 21:39:25,200 - INFO - 已处理 19900 条记录，插入/更新 19900 条
2025-07-01 21:39:25,205 - INFO - 已处理 20000 条记录，插入/更新 20000 条
2025-07-01 21:39:25,213 - INFO - 已处理 20100 条记录，插入/更新 20100 条
2025-07-01 21:39:25,217 - INFO - 已处理 20200 条记录，插入/更新 20200 条
2025-07-01 21:39:25,222 - INFO - 已处理 20300 条记录，插入/更新 20300 条
2025-07-01 21:39:25,227 - INFO - 已处理 20400 条记录，插入/更新 20400 条
2025-07-01 21:39:25,231 - INFO - 已处理 20500 条记录，插入/更新 20500 条
2025-07-01 21:39:25,236 - INFO - 已处理 20600 条记录，插入/更新 20600 条
2025-07-01 21:39:25,241 - INFO - 已处理 20700 条记录，插入/更新 20700 条
2025-07-01 21:39:25,247 - INFO - 已处理 20800 条记录，插入/更新 20800 条
2025-07-01 21:39:25,252 - INFO - 已处理 20900 条记录，插入/更新 20900 条
2025-07-01 21:39:25,258 - INFO - 已处理 21000 条记录，插入/更新 21000 条
2025-07-01 21:39:25,263 - INFO - 已处理 21100 条记录，插入/更新 21100 条
2025-07-01 21:39:25,268 - INFO - 已处理 21200 条记录，插入/更新 21200 条
2025-07-01 21:39:25,276 - INFO - 已处理 21300 条记录，插入/更新 21300 条
2025-07-01 21:39:25,281 - INFO - 已处理 21400 条记录，插入/更新 21400 条
2025-07-01 21:39:25,289 - INFO - 已处理 21500 条记录，插入/更新 21500 条
2025-07-01 21:39:25,295 - INFO - 已处理 21600 条记录，插入/更新 21600 条
2025-07-01 21:39:25,307 - INFO - 迁移完成！总共处理 21632 条记录，插入/更新 21632 条
2025-07-01 21:39:25,311 - INFO - 数据库中现有记录数: 21632
2025-07-01 21:39:25,311 - INFO - 迁移后数据库记录数: 21632
2025-07-01 21:39:25,312 - INFO - 数据库连接已关闭
